<?xml version="1.0" encoding="UTF-8"?>
<!-- Generated by org.testng.reporters.JUnitXMLReporter -->
<testsuite hostname="GGKU5DELL1110" ignored="0" name="Dammy1" tests="6" failures="0" timestamp="2020-10-18T22:44:38 IST" time="0.048" errors="0">
  <testcase name="test" time="0.006" classname="practice.Dammy"/>
  <testcase name="test1" time="0.001" classname="practice.Dammy"/>
  <testcase name="sa" time="0.002" classname="practice.Dammy1"/>
  <testcase name="test2" time="0.001" classname="practice.Dammy1"/>
  <testcase name="test3" time="0.001" classname="practice.Dammy1"/>
  <testcase name="test4" time="0.001" classname="practice.Dammy1"/>
</testsuite> <!-- Dammy1 -->
