<?xml version="1.0" encoding="UTF-8"?>
<!-- Generated by org.testng.reporters.JUnitXMLReporter -->
<testsuite hostname="GGKU5DELL1110" ignored="0" name="Test1" tests="4" failures="0" timestamp="2020-10-19T10:50:10 IST" time="0.009" errors="0">
  <testcase name="sa" time="0.001" classname="practice.Dammy1"/>
  <testcase name="test2" time="0.001" classname="practice.Dammy1"/>
  <testcase name="test3" time="0.001" classname="practice.Dammy1"/>
  <testcase name="test4" time="0.001" classname="practice.Dammy1"/>
</testsuite> <!-- Test1 -->
