<?xml version="1.0" encoding="UTF-8"?>
<testng-results skipped="0" failed="0" ignored="0" total="6" passed="6">
  <reporter-output>
  </reporter-output>
  <suite name="Suite" duration-ms="70" started-at="2020-10-19T10:50:10 IST" finished-at="2020-10-19T10:50:10 IST">
    <groups>
    </groups>
    <test name="Test" duration-ms="30" started-at="2020-10-19T10:50:10 IST" finished-at="2020-10-19T10:50:10 IST">
      <class name="practice.Dammy">
        <test-method status="PASS" signature="start()[pri:0, instance:practice.Dammy@6e0e048a]" name="start" is-config="true" duration-ms="0" started-at="2020-10-19T10:50:10 IST" finished-at="2020-10-19T10:50:10 IST">
          <reporter-output>
          </reporter-output>
        </test-method> <!-- start -->
        <test-method status="PASS" signature="Before()[pri:0, instance:practice.Dammy@6e0e048a]" name="Before" is-config="true" duration-ms="0" started-at="2020-10-19T10:50:10 IST" finished-at="2020-10-19T10:50:10 IST">
          <reporter-output>
          </reporter-output>
        </test-method> <!-- Before -->
        <test-method status="PASS" signature="method()[pri:0, instance:practice.Dammy@6e0e048a]" name="method" is-config="true" duration-ms="0" started-at="2020-10-19T10:50:10 IST" finished-at="2020-10-19T10:50:10 IST">
          <reporter-output>
          </reporter-output>
        </test-method> <!-- method -->
        <test-method status="PASS" signature="test(java.lang.String)[pri:0, instance:practice.Dammy@6e0e048a]" name="test" duration-ms="4" started-at="2020-10-19T10:50:10 IST" finished-at="2020-10-19T10:50:10 IST">
          <params>
            <param index="0">
              <value>
                <![CDATA[clickacademy.com]]>
              </value>
            </param>
          </params>
          <reporter-output>
          </reporter-output>
        </test-method> <!-- test -->
        <test-method status="PASS" signature="methodl()[pri:0, instance:practice.Dammy@6e0e048a]" name="methodl" is-config="true" duration-ms="0" started-at="2020-10-19T10:50:10 IST" finished-at="2020-10-19T10:50:10 IST">
          <reporter-output>
          </reporter-output>
        </test-method> <!-- methodl -->
        <test-method status="PASS" signature="test1()[pri:0, instance:practice.Dammy@6e0e048a]" name="test1" duration-ms="1" started-at="2020-10-19T10:50:10 IST" finished-at="2020-10-19T10:50:10 IST">
          <reporter-output>
          </reporter-output>
        </test-method> <!-- test1 -->
        <test-method status="PASS" signature="method()[pri:0, instance:practice.Dammy@6e0e048a]" name="method" is-config="true" duration-ms="0" started-at="2020-10-19T10:50:10 IST" finished-at="2020-10-19T10:50:10 IST">
          <reporter-output>
          </reporter-output>
        </test-method> <!-- method -->
        <test-method status="PASS" signature="methodl()[pri:0, instance:practice.Dammy@6e0e048a]" name="methodl" is-config="true" duration-ms="1" started-at="2020-10-19T10:50:10 IST" finished-at="2020-10-19T10:50:10 IST">
          <reporter-output>
          </reporter-output>
        </test-method> <!-- methodl -->
        <test-method status="PASS" signature="after()[pri:0, instance:practice.Dammy@6e0e048a]" name="after" is-config="true" duration-ms="0" started-at="2020-10-19T10:50:10 IST" finished-at="2020-10-19T10:50:10 IST">
          <reporter-output>
          </reporter-output>
        </test-method> <!-- after -->
        <test-method status="PASS" signature="close()[pri:0, instance:practice.Dammy@6e0e048a]" name="close" is-config="true" duration-ms="0" started-at="2020-10-19T10:50:10 IST" finished-at="2020-10-19T10:50:10 IST">
          <reporter-output>
          </reporter-output>
        </test-method> <!-- close -->
      </class> <!-- practice.Dammy -->
    </test> <!-- Test -->
    <test name="Test1" duration-ms="9" started-at="2020-10-19T10:50:10 IST" finished-at="2020-10-19T10:50:10 IST">
      <class name="practice.Dammy1">
        <test-method status="PASS" signature="sap()[pri:0, instance:practice.Dammy1@7d0587f1]" name="sap" is-config="true" duration-ms="7" started-at="2020-10-19T10:50:10 IST" finished-at="2020-10-19T10:50:10 IST">
          <reporter-output>
          </reporter-output>
        </test-method> <!-- sap -->
        <test-method status="PASS" signature="sa()[pri:0, instance:practice.Dammy1@7d0587f1]" name="sa" duration-ms="1" started-at="2020-10-19T10:50:10 IST" finished-at="2020-10-19T10:50:10 IST">
          <reporter-output>
          </reporter-output>
        </test-method> <!-- sa -->
        <test-method status="PASS" signature="test2()[pri:0, instance:practice.Dammy1@7d0587f1]" name="test2" duration-ms="1" started-at="2020-10-19T10:50:10 IST" finished-at="2020-10-19T10:50:10 IST">
          <reporter-output>
          </reporter-output>
        </test-method> <!-- test2 -->
        <test-method status="PASS" signature="test3()[pri:0, instance:practice.Dammy1@7d0587f1]" name="test3" duration-ms="1" started-at="2020-10-19T10:50:10 IST" finished-at="2020-10-19T10:50:10 IST">
          <reporter-output>
          </reporter-output>
        </test-method> <!-- test3 -->
        <test-method status="PASS" signature="test4()[pri:0, instance:practice.Dammy1@7d0587f1]" name="test4" duration-ms="1" started-at="2020-10-19T10:50:10 IST" finished-at="2020-10-19T10:50:10 IST">
          <reporter-output>
          </reporter-output>
        </test-method> <!-- test4 -->
        <test-method status="PASS" signature="sapp()[pri:0, instance:practice.Dammy1@7d0587f1]" name="sapp" is-config="true" duration-ms="0" started-at="2020-10-19T10:50:10 IST" finished-at="2020-10-19T10:50:10 IST">
          <reporter-output>
          </reporter-output>
        </test-method> <!-- sapp -->
      </class> <!-- practice.Dammy1 -->
    </test> <!-- Test1 -->
  </suite> <!-- Suite -->
</testng-results>
